<?xml version="1.0" encoding="UTF-8"?>
<testsuite name="com.panson.springcloud.weather.controller.HelloControllerTest" tests="1" skipped="0" failures="0" errors="0" timestamp="2018-09-18T07:44:44" hostname="DESKTOP-9JQF23C" time="0.106">
  <properties/>
  <testcase name="testHello" classname="com.panson.springcloud.weather.controller.HelloControllerTest" time="0.106"/>
  <system-out><![CDATA[2018-09-18 15:44:38.774  INFO 12616 --- [    Test worker] .b.t.c.SpringBootTestContextBootstrapper : Neither @ContextConfiguration nor @ContextHierarchy found for test class [com.panson.springcloud.weather.controller.HelloControllerTest], using SpringBootContextLoader
2018-09-18 15:44:38.775  INFO 12616 --- [    Test worker] o.s.t.c.support.AbstractContextLoader    : Could not detect default resource locations for test class [com.panson.springcloud.weather.controller.HelloControllerTest]: no resource found for suffixes {-context.xml, Context.groovy}.
2018-09-18 15:44:38.776  INFO 12616 --- [    Test worker] t.c.s.AnnotationConfigContextLoaderUtils : Could not detect default configuration classes for test class [com.panson.springcloud.weather.controller.HelloControllerTest]: HelloControllerTest does not declare any static, non-private, non-final, nested classes annotated with @Configuration.
2018-09-18 15:44:38.804  INFO 12616 --- [    Test worker] .b.t.c.SpringBootTestContextBootstrapper : Found @SpringBootConfiguration com.panson.springcloud.weather.Application for test class com.panson.springcloud.weather.controller.HelloControllerTest
2018-09-18 15:44:38.811  INFO 12616 --- [    Test worker] .b.t.c.SpringBootTestContextBootstrapper : Loaded default TestExecutionListener class names from location [META-INF/spring.factories]: [org.springframework.boot.test.autoconfigure.restdocs.RestDocsTestExecutionListener, org.springframework.boot.test.autoconfigure.web.client.MockRestServiceServerResetTestExecutionListener, org.springframework.boot.test.autoconfigure.web.servlet.MockMvcPrintOnlyOnFailureTestExecutionListener, org.springframework.boot.test.autoconfigure.web.servlet.WebDriverTestExecutionListener, org.springframework.boot.test.mock.mockito.MockitoTestExecutionListener, org.springframework.boot.test.mock.mockito.ResetMocksTestExecutionListener, org.springframework.test.context.web.ServletTestExecutionListener, org.springframework.test.context.support.DirtiesContextBeforeModesTestExecutionListener, org.springframework.test.context.support.DependencyInjectionTestExecutionListener, org.springframework.test.context.support.DirtiesContextTestExecutionListener, org.springframework.test.context.transaction.TransactionalTestExecutionListener, org.springframework.test.context.jdbc.SqlScriptsTestExecutionListener]
2018-09-18 15:44:38.812  INFO 12616 --- [    Test worker] .b.t.c.SpringBootTestContextBootstrapper : Could not instantiate TestExecutionListener [org.springframework.test.context.jdbc.SqlScriptsTestExecutionListener]. Specify custom listener classes or make the default listener classes (and their required dependencies) available. Offending class: [org/springframework/transaction/interceptor/TransactionAttribute]
2018-09-18 15:44:38.813  INFO 12616 --- [    Test worker] .b.t.c.SpringBootTestContextBootstrapper : Could not instantiate TestExecutionListener [org.springframework.test.context.transaction.TransactionalTestExecutionListener]. Specify custom listener classes or make the default listener classes (and their required dependencies) available. Offending class: [org/springframework/transaction/interceptor/TransactionAttributeSource]
2018-09-18 15:44:38.814  INFO 12616 --- [    Test worker] .b.t.c.SpringBootTestContextBootstrapper : Using TestExecutionListeners: [org.springframework.test.context.web.ServletTestExecutionListener@57f52448, org.springframework.test.context.support.DirtiesContextBeforeModesTestExecutionListener@4ed78125, org.springframework.boot.test.autoconfigure.SpringBootDependencyInjectionTestExecutionListener@61fb549c, org.springframework.test.context.support.DirtiesContextTestExecutionListener@1576bf1f, org.springframework.boot.test.autoconfigure.web.servlet.WebDriverTestExecutionListener@6bdf0e9d, org.springframework.boot.test.autoconfigure.web.client.MockRestServiceServerResetTestExecutionListener@1973746a, org.springframework.boot.test.mock.mockito.MockitoTestExecutionListener@22979c6c, org.springframework.boot.test.autoconfigure.web.servlet.MockMvcPrintOnlyOnFailureTestExecutionListener@2b94166, org.springframework.boot.test.autoconfigure.restdocs.RestDocsTestExecutionListener@11810c4a, org.springframework.boot.test.mock.mockito.ResetMocksTestExecutionListener@13d3ea34]
2018-09-18 15:44:39.605  INFO 12616 --- [    Test worker] s.c.a.AnnotationConfigApplicationContext : Refreshing org.springframework.context.annotation.AnnotationConfigApplicationContext@5795371c: startup date [Tue Sep 18 15:44:39 CST 2018]; root of context hierarchy
2018-09-18 15:44:39.641  INFO 12616 --- [    Test worker] f.a.AutowiredAnnotationBeanPostProcessor : JSR-330 'javax.inject.Inject' annotation found and supported for autowiring
2018-09-18 15:44:39.675  INFO 12616 --- [    Test worker] trationDelegate$BeanPostProcessorChecker : Bean 'configurationPropertiesRebinderAutoConfiguration' of type [org.springframework.cloud.autoconfigure.ConfigurationPropertiesRebinderAutoConfiguration$$EnhancerBySpringCGLIB$$456d750c] is not eligible for getting processed by all BeanPostProcessors (for example: not eligible for auto-proxying)

  .   ____          _            __ _ _
 /\\ / ___'_ __ _ _(_)_ __  __ _ \ \ \ \
( ( )\___ | '_ | '_| | '_ \/ _` | \ \ \ \
 \\/  ___)| |_)| | | | | || (_| |  ) ) ) )
  '  |____| .__|_| |_|_| |_\__, | / / / /
 =========|_|==============|___/=/_/_/_/
 :: Spring Boot ::             (v2.0.0.M3)

2018-09-18 15:44:40.544  INFO 12616 --- [    Test worker] c.p.s.w.controller.HelloControllerTest   : No active profile set, falling back to default profiles: default
2018-09-18 15:44:40.547  INFO 12616 --- [    Test worker] o.s.w.c.s.GenericWebApplicationContext   : Refreshing org.springframework.web.context.support.GenericWebApplicationContext@da75a9e: startup date [Tue Sep 18 15:44:40 CST 2018]; parent: org.springframework.context.annotation.AnnotationConfigApplicationContext@5795371c
2018-09-18 15:44:41.175  INFO 12616 --- [    Test worker] o.s.cloud.context.scope.GenericScope     : BeanFactory id=a17f3c28-25a8-3541-9783-574775627be7
2018-09-18 15:44:41.217  INFO 12616 --- [    Test worker] f.a.AutowiredAnnotationBeanPostProcessor : JSR-330 'javax.inject.Inject' annotation found and supported for autowiring
2018-09-18 15:44:41.313  INFO 12616 --- [    Test worker] trationDelegate$BeanPostProcessorChecker : Bean 'org.springframework.cloud.autoconfigure.ConfigurationPropertiesRebinderAutoConfiguration' of type [org.springframework.cloud.autoconfigure.ConfigurationPropertiesRebinderAutoConfiguration$$EnhancerBySpringCGLIB$$456d750c] is not eligible for getting processed by all BeanPostProcessors (for example: not eligible for auto-proxying)
2018-09-18 15:44:42.345  INFO 12616 --- [    Test worker] o.s.b.t.m.w.SpringBootMockServletContext : Initializing Spring FrameworkServlet ''
2018-09-18 15:44:42.345  INFO 12616 --- [    Test worker] o.s.t.web.servlet.TestDispatcherServlet  : FrameworkServlet '': initialization started
2018-09-18 15:44:42.435  INFO 12616 --- [    Test worker] s.w.s.m.m.a.RequestMappingHandlerMapping : Mapped "{[/hello],methods=[GET]}" onto public java.lang.String com.panson.springcloud.weather.controller.HelloController.hello()
2018-09-18 15:44:42.436  INFO 12616 --- [    Test worker] s.w.s.m.m.a.RequestMappingHandlerMapping : Mapped "{[/report/cityId/{cityId}],methods=[GET]}" onto public org.springframework.web.servlet.ModelAndView com.panson.springcloud.weather.controller.WeatherReportController.getReportByCityId(java.lang.String,org.springframework.ui.Model) throws java.lang.Exception
2018-09-18 15:44:42.440  INFO 12616 --- [    Test worker] s.w.s.m.m.a.RequestMappingHandlerMapping : Mapped "{[/error]}" onto public org.springframework.http.ResponseEntity<java.util.Map<java.lang.String, java.lang.Object>> org.springframework.boot.autoconfigure.web.servlet.error.BasicErrorController.error(javax.servlet.http.HttpServletRequest)
2018-09-18 15:44:42.441  INFO 12616 --- [    Test worker] s.w.s.m.m.a.RequestMappingHandlerMapping : Mapped "{[/error],produces=[text/html]}" onto public org.springframework.web.servlet.ModelAndView org.springframework.boot.autoconfigure.web.servlet.error.BasicErrorController.errorHtml(javax.servlet.http.HttpServletRequest,javax.servlet.http.HttpServletResponse)
2018-09-18 15:44:42.488  INFO 12616 --- [    Test worker] o.s.w.s.handler.SimpleUrlHandlerMapping  : Mapped URL path [/webjars/**] onto handler of type [class org.springframework.web.servlet.resource.ResourceHttpRequestHandler]
2018-09-18 15:44:42.489  INFO 12616 --- [    Test worker] o.s.w.s.handler.SimpleUrlHandlerMapping  : Mapped URL path [/**] onto handler of type [class org.springframework.web.servlet.resource.ResourceHttpRequestHandler]
2018-09-18 15:44:42.511  INFO 12616 --- [    Test worker] o.s.w.s.handler.SimpleUrlHandlerMapping  : Mapped URL path [/**/favicon.ico] onto handler of type [class org.springframework.web.servlet.resource.ResourceHttpRequestHandler]
2018-09-18 15:44:42.649  INFO 12616 --- [    Test worker] s.w.s.m.m.a.RequestMappingHandlerAdapter : Looking for @ControllerAdvice: org.springframework.web.context.support.GenericWebApplicationContext@da75a9e: startup date [Tue Sep 18 15:44:40 CST 2018]; parent: org.springframework.context.annotation.AnnotationConfigApplicationContext@5795371c
2018-09-18 15:44:42.791  INFO 12616 --- [    Test worker] o.s.t.web.servlet.TestDispatcherServlet  : FrameworkServlet '': initialization completed in 446 ms
2018-09-18 15:44:42.857  WARN 12616 --- [    Test worker] o.s.c.n.a.ArchaiusAutoConfiguration      : Netflix ConfigurationManager has already been installed, unable to re-install
2018-09-18 15:44:44.040  INFO 12616 --- [    Test worker] o.s.c.support.DefaultLifecycleProcessor  : Starting beans in phase 0
2018-09-18 15:44:44.050  INFO 12616 --- [    Test worker] c.p.s.w.controller.HelloControllerTest   : Started HelloControllerTest in 5.232 seconds (JVM running for 16.44)
]]></system-out>
  <system-err><![CDATA[]]></system-err>
</testsuite>
